[10:38:26 - main] [Cooja.java:3171] [WARN] - JAVA_HOME environment variable not set, Cooja motes may not compile
[10:38:26 - AWT-EventQueue-0] [Cooja.java:2855] [INFO] - External tools default settings: /external_tools_linux_64.config
[10:38:26 - AWT-EventQueue-0] [Cooja.java:2885] [INFO] - External tools user settings: /home/zdenial/.cooja.user.properties
[10:38:31 - Thread-0] [Simulation.java:421] [INFO] - Simulation random seed: 123456
[10:38:31 - Thread-0] [MspMote.java:235] [INFO] - Loading firmware from: /home/zdenial/Documents/UNITN/corsi/WSN/wsnlab/FINAL PROJECT/build/telosb/main.exe
[10:38:31 - Thread-0] [MspMote.java:235] [INFO] - Loading firmware from: /home/zdenial/Documents/UNITN/corsi/WSN/wsnlab/FINAL PROJECT/build/telosb/main.exe
[10:38:31 - Thread-0] [MspMote.java:235] [INFO] - Loading firmware from: /home/zdenial/Documents/UNITN/corsi/WSN/wsnlab/FINAL PROJECT/build/telosb/main.exe
[10:38:31 - Thread-0] [MspMote.java:235] [INFO] - Loading firmware from: /home/zdenial/Documents/UNITN/corsi/WSN/wsnlab/FINAL PROJECT/build/telosb/main.exe
[10:38:31 - Thread-0] [MspMote.java:235] [INFO] - Loading firmware from: /home/zdenial/Documents/UNITN/corsi/WSN/wsnlab/FINAL PROJECT/build/telosb/main.exe
[10:38:31 - Thread-0] [MspMote.java:235] [INFO] - Loading firmware from: /home/zdenial/Documents/UNITN/corsi/WSN/wsnlab/FINAL PROJECT/build/telosb/main.exe
[10:38:31 - Thread-0] [MspMote.java:235] [INFO] - Loading firmware from: /home/zdenial/Documents/UNITN/corsi/WSN/wsnlab/FINAL PROJECT/build/telosb/main.exe
[10:38:32 - Thread-0] [MspMote.java:235] [INFO] - Loading firmware from: /home/zdenial/Documents/UNITN/corsi/WSN/wsnlab/FINAL PROJECT/build/telosb/main.exe
[10:38:32 - Thread-0] [MspMote.java:235] [INFO] - Loading firmware from: /home/zdenial/Documents/UNITN/corsi/WSN/wsnlab/FINAL PROJECT/build/telosb/main.exe
[10:38:32 - Thread-0] [MspMote.java:235] [INFO] - Loading firmware from: /home/zdenial/Documents/UNITN/corsi/WSN/wsnlab/FINAL PROJECT/build/telosb/main.exe
[10:38:32 - Thread-0] [MspMote.java:235] [INFO] - Loading firmware from: /home/zdenial/Documents/UNITN/corsi/WSN/wsnlab/FINAL PROJECT/build/telosb/main.exe
[10:38:32 - Thread-0] [Visualizer.java:256] [INFO] - Registered external visualizer: org.contikios.cooja.plugins.skins.DGRMVisualizerSkin
[10:38:32 - Thread-0] [TimeLine.java:567] [INFO] - Zoom level: 5000.0 microseconds/pixel 
[10:38:34 - Thread-1] [Simulation.java:252] [INFO] - Simulation main loop started, system time: 1455097114409
[10:38:51 - Thread-1] [Simulation.java:311] [INFO] - Simulation main loop stopped, system time: 1455097131844	Duration: 17436 ms	Simulated time 17349 ms	Ratio 0.9950103234686855
[10:38:54 - AWT-EventQueue-0] [TimeLine.java:567] [INFO] - Zoom level: 2000.0 microseconds/pixel 
[10:38:54 - AWT-EventQueue-0] [TimeLine.java:567] [INFO] - Zoom level: 1000.0 microseconds/pixel 
[10:38:55 - AWT-EventQueue-0] [TimeLine.java:567] [INFO] - Zoom level: 500.0 microseconds/pixel 
[10:38:55 - AWT-EventQueue-0] [TimeLine.java:567] [INFO] - Zoom level: 200.0 microseconds/pixel 
[10:38:56 - AWT-EventQueue-0] [TimeLine.java:567] [INFO] - Zoom level: 100.0 microseconds/pixel 
[10:39:37 - Thread-2] [Simulation.java:421] [INFO] - Simulation random seed: 123456
[10:39:37 - Thread-2] [MspMote.java:235] [INFO] - Loading firmware from: /home/zdenial/Documents/UNITN/corsi/WSN/wsnlab/FINAL PROJECT/build/telosb/main.exe
[10:39:37 - Thread-2] [MspMote.java:235] [INFO] - Loading firmware from: /home/zdenial/Documents/UNITN/corsi/WSN/wsnlab/FINAL PROJECT/build/telosb/main.exe
[10:39:37 - Thread-2] [MspMote.java:235] [INFO] - Loading firmware from: /home/zdenial/Documents/UNITN/corsi/WSN/wsnlab/FINAL PROJECT/build/telosb/main.exe
[10:39:37 - Thread-2] [MspMote.java:235] [INFO] - Loading firmware from: /home/zdenial/Documents/UNITN/corsi/WSN/wsnlab/FINAL PROJECT/build/telosb/main.exe
[10:39:37 - Thread-2] [MspMote.java:235] [INFO] - Loading firmware from: /home/zdenial/Documents/UNITN/corsi/WSN/wsnlab/FINAL PROJECT/build/telosb/main.exe
[10:39:37 - Thread-2] [MspMote.java:235] [INFO] - Loading firmware from: /home/zdenial/Documents/UNITN/corsi/WSN/wsnlab/FINAL PROJECT/build/telosb/main.exe
[10:39:37 - Thread-2] [MspMote.java:235] [INFO] - Loading firmware from: /home/zdenial/Documents/UNITN/corsi/WSN/wsnlab/FINAL PROJECT/build/telosb/main.exe
[10:39:37 - Thread-2] [MspMote.java:235] [INFO] - Loading firmware from: /home/zdenial/Documents/UNITN/corsi/WSN/wsnlab/FINAL PROJECT/build/telosb/main.exe
[10:39:37 - Thread-2] [MspMote.java:235] [INFO] - Loading firmware from: /home/zdenial/Documents/UNITN/corsi/WSN/wsnlab/FINAL PROJECT/build/telosb/main.exe
[10:39:37 - Thread-2] [MspMote.java:235] [INFO] - Loading firmware from: /home/zdenial/Documents/UNITN/corsi/WSN/wsnlab/FINAL PROJECT/build/telosb/main.exe
[10:39:37 - Thread-2] [MspMote.java:235] [INFO] - Loading firmware from: /home/zdenial/Documents/UNITN/corsi/WSN/wsnlab/FINAL PROJECT/build/telosb/main.exe
[10:39:38 - Thread-2] [TimeLine.java:567] [INFO] - Zoom level: 100.0 microseconds/pixel 
[10:39:39 - Thread-3] [Simulation.java:252] [INFO] - Simulation main loop started, system time: 1455097179273
[10:39:47 - AWT-EventQueue-0] [TimeLine.java:567] [INFO] - Zoom level: 200.0 microseconds/pixel 
[10:39:47 - AWT-EventQueue-0] [TimeLine.java:567] [INFO] - Zoom level: 500.0 microseconds/pixel 
[10:39:47 - AWT-EventQueue-0] [TimeLine.java:567] [INFO] - Zoom level: 1000.0 microseconds/pixel 
[10:39:47 - AWT-EventQueue-0] [TimeLine.java:567] [INFO] - Zoom level: 2000.0 microseconds/pixel 
[10:39:51 - Thread-3] [Simulation.java:311] [INFO] - Simulation main loop stopped, system time: 1455097191922	Duration: 12649 ms	Simulated time 24848 ms	Ratio 1.9644240651434897
